[0.567s] Invoking command in '/home/absolutezeno/Auto-BT-Generation/build/isaac_ros2_messages': CMAKE_PREFIX_PATH=${CMAKE_PREFIX_PATH}:/home/absolutezeno/Auto-BT-Generation/install/py_trees_ros_viewer:/home/absolutezeno/Auto-BT-Generation/install/py_trees_ros_tutorials:/home/absolutezeno/Auto-BT-Generation/install/py_trees_ros:/home/absolutezeno/FRA501/install/rqt_joint_trajectory_controller:/home/absolutezeno/FRA501/install/rqt_controller_manager:/home/absolutezeno/FRA501/install/ros2controlcli:/home/absolutezeno/FRA501/install/ros2_controllers_test_nodes:/opt/ros/humble PS1=(isaaclab) \[\e]0;\u@\h: \w\a\]${debian_chroot:+($debian_chroot)}\[\033[01;32m\]\u@\h\[\033[00m\]:\[\033[01;34m\]\w\[\033[00m\]\$ VIRTUAL_ENV_PROMPT=(isaaclab) /usr/bin/cmake /home/absolutezeno/Auto-BT-Generation/src/isaac_ros2_messages -DCMAKE_INSTALL_PREFIX=/home/absolutezeno/Auto-BT-Generation/install/isaac_ros2_messages
[0.577s] -- Found ament_cmake: 1.3.5 (/opt/ros/humble/share/ament_cmake/cmake)
[0.705s] -- Found ament_lint_auto: 0.12.8 (/opt/ros/humble/share/ament_lint_auto/cmake)
[0.765s] -- Found builtin_interfaces: 1.2.1 (/opt/ros/humble/share/builtin_interfaces/cmake)
[0.780s] -- Found rosidl_generator_c: 3.1.5 (/opt/ros/humble/share/rosidl_generator_c/cmake)
[0.782s] -- Found rosidl_adapter: 3.1.5 (/opt/ros/humble/share/rosidl_adapter/cmake)
[0.785s] -- Found rosidl_generator_cpp: 3.1.5 (/opt/ros/humble/share/rosidl_generator_cpp/cmake)
[0.793s] -- Using all available rosidl_typesupport_c: rosidl_typesupport_fastrtps_c;rosidl_typesupport_introspection_c
[0.802s] -- Using all available rosidl_typesupport_cpp: rosidl_typesupport_fastrtps_cpp;rosidl_typesupport_introspection_cpp
[0.811s] -- Found rosidl_default_generators: 1.2.0 (/opt/ros/humble/share/rosidl_default_generators/cmake)
[0.831s] -- Found std_msgs: 4.2.4 (/opt/ros/humble/share/std_msgs/cmake)
[0.851s] -- Found geometry_msgs: 4.2.3 (/opt/ros/humble/share/geometry_msgs/cmake)
[0.978s] [31mCMake Error at /opt/ros/humble/share/rosidl_adapter/cmake/rosidl_adapt_interfaces.cmake:59 (message):
[0.978s]   execute_process(/home/absolutezeno/isaaclab/bin/python3.10 -m
[0.978s]   rosidl_adapter --package-name isaac_ros2_messages --arguments-file
[0.978s]   /home/absolutezeno/Auto-BT-Generation/build/isaac_ros2_messages/rosidl_adapter__arguments__isaac_ros2_messages.json
[0.978s]   --output-dir
[0.978s]   /home/absolutezeno/Auto-BT-Generation/build/isaac_ros2_messages/rosidl_adapter/isaac_ros2_messages
[0.978s]   --output-file
[0.978s]   /home/absolutezeno/Auto-BT-Generation/build/isaac_ros2_messages/rosidl_adapter/isaac_ros2_messages.idls)
[0.978s]   returned error code 1:
[0.978s] 
[0.978s]   AttributeError processing template 'srv.idl.em'
[0.978s] 
[0.978s]   Traceback (most recent call last):
[0.978s] 
[0.978s]     File "/opt/ros/humble/local/lib/python3.10/dist-packages/rosidl_adapter/resource/__init__.py", line 51, in evaluate_template
[0.978s]       em.BUFFERED_OPT: True,
[0.978s] 
[0.978s]   AttributeError: module 'em' has no attribute 'BUFFERED_OPT'
[0.979s] 
[0.979s]   
[0.979s] 
[0.979s]   During handling of the above exception, another exception occurred:
[0.979s] 
[0.979s]   
[0.979s] 
[0.979s]   Traceback (most recent call last):
[0.979s] 
[0.979s]     File "/usr/lib/python3.10/runpy.py", line 196, in _run_module_as_main
[0.979s]       return _run_code(code, main_globals, None,
[0.979s]     File "/usr/lib/python3.10/runpy.py", line 86, in _run_code
[0.979s]       exec(code, run_globals)
[0.979s]     File "/opt/ros/humble/local/lib/python3.10/dist-packages/rosidl_adapter/__main__.py", line 19, in <module>
[0.979s]       sys.exit(main())
[0.979s]     File "/opt/ros/humble/local/lib/python3.10/dist-packages/rosidl_adapter/main.py", line 53, in main
[0.979s]       abs_idl_file = convert_to_idl(
[0.979s]     File "/opt/ros/humble/local/lib/python3.10/dist-packages/rosidl_adapter/__init__.py", line 24, in convert_to_idl
[0.979s]       return convert_srv_to_idl(
[0.980s]     File "/opt/ros/humble/local/lib/python3.10/dist-packages/rosidl_adapter/srv/__init__.py", line 39, in convert_srv_to_idl
[0.980s]       expand_template('srv.idl.em', data, output_file, encoding='iso-8859-1')
[0.980s]     File "/opt/ros/humble/local/lib/python3.10/dist-packages/rosidl_adapter/resource/__init__.py", line 23, in expand_template
[0.980s]       content = evaluate_template(template_name, data)
[0.980s]     File "/opt/ros/humble/local/lib/python3.10/dist-packages/rosidl_adapter/resource/__init__.py", line 69, in evaluate_template
[0.980s]       _interpreter.shutdown()
[0.980s] 
[0.980s]   AttributeError: 'NoneType' object has no attribute 'shutdown'
[0.980s] 
[0.980s] Call Stack (most recent call first):
[0.980s]   /opt/ros/humble/share/rosidl_cmake/cmake/rosidl_generate_interfaces.cmake:130 (rosidl_adapt_interfaces)
[0.980s]   CMakeLists.txt:48 (rosidl_generate_interfaces)
[0.980s] 
[0.980s] [0m
[0.980s] -- Configuring incomplete, errors occurred!
[0.980s] See also "/home/absolutezeno/Auto-BT-Generation/build/isaac_ros2_messages/CMakeFiles/CMakeOutput.log".
