[0.589s] Invoking command in '/home/absolutezeno/Auto-BT-Generation/build/isaac_ros2_messages': CMAKE_PREFIX_PATH=${CMAKE_PREFIX_PATH}:/home/absolutezeno/Auto-BT-Generation/install/py_trees_ros_viewer:/home/absolutezeno/Auto-BT-Generation/install/py_trees_ros_tutorials:/home/absolutezeno/Auto-BT-Generation/install/py_trees_ros:/home/absolutezeno/FRA501/install/rqt_joint_trajectory_controller:/home/absolutezeno/FRA501/install/rqt_controller_manager:/home/absolutezeno/FRA501/install/ros2controlcli:/home/absolutezeno/FRA501/install/ros2_controllers_test_nodes:/opt/ros/humble PS1=(isaaclab) \[\e]0;\u@\h: \w\a\]${debian_chroot:+($debian_chroot)}\[\033[01;32m\]\u@\h\[\033[00m\]:\[\033[01;34m\]\w\[\033[00m\]\$ VIRTUAL_ENV_PROMPT=(isaaclab) /usr/bin/cmake --build /home/absolutezeno/Auto-BT-Generation/build/isaac_ros2_messages -- -j20 -l20
[0.623s] [  1%] [34m[1mGenerating C code for ROS interfaces[0m
[0.632s] [  3%] [34m[1mGenerating C++ code for ROS interfaces[0m
[0.640s] [  3%] Built target ament_cmake_python_copy_isaac_ros2_messages
[0.672s] Traceback (most recent call last):
[0.672s]   File "/opt/ros/humble/share/rosidl_generator_c/cmake/../../../lib/rosidl_generator_c/rosidl_generator_c", line 8, in <module>
[0.672s]     from rosidl_generator_c import generate_c
[0.672s]   File "/opt/ros/humble/local/lib/python3.10/dist-packages/rosidl_generator_c/__init__.py", line 15, in <module>
[0.672s]     from rosidl_cmake import convert_camel_case_to_lower_case_underscore
[0.672s]   File "/opt/ros/humble/local/lib/python3.10/dist-packages/rosidl_cmake/__init__.py", line 24, in <module>
[0.673s]     from rosidl_parser.parser import parse_idl_file
[0.673s]   File "/opt/ros/humble/local/lib/python3.10/dist-packages/rosidl_parser/parser.py", line 20, in <module>
[0.673s]     from lark import Lark
[0.673s] ModuleNotFoundError: No module named 'lark'
[0.678s] gmake[2]: *** [CMakeFiles/isaac_ros2_messages__rosidl_generator_c.dir/build.make:152: rosidl_generator_c/isaac_ros2_messages/srv/isaac_pose.h] Error 1
[0.678s] gmake[1]: *** [CMakeFiles/Makefile2:212: CMakeFiles/isaac_ros2_messages__rosidl_generator_c.dir/all] Error 2
[0.678s] gmake[1]: *** Waiting for unfinished jobs....
[0.685s] Traceback (most recent call last):
[0.685s]   File "/opt/ros/humble/share/rosidl_generator_cpp/cmake/../../../lib/rosidl_generator_cpp/rosidl_generator_cpp", line 8, in <module>
[0.685s]     from rosidl_generator_cpp import generate_cpp
[0.685s]   File "/opt/ros/humble/local/lib/python3.10/dist-packages/rosidl_generator_cpp/__init__.py", line 17, in <module>
[0.685s]     from rosidl_cmake import generate_files
[0.685s]   File "/opt/ros/humble/local/lib/python3.10/dist-packages/rosidl_cmake/__init__.py", line 24, in <module>
[0.685s]     from rosidl_parser.parser import parse_idl_file
[0.685s]   File "/opt/ros/humble/local/lib/python3.10/dist-packages/rosidl_parser/parser.py", line 20, in <module>
[0.685s]     from lark import Lark
[0.685s] ModuleNotFoundError: No module named 'lark'
[0.689s] gmake[2]: *** [CMakeFiles/isaac_ros2_messages__cpp.dir/build.make:172: rosidl_generator_cpp/isaac_ros2_messages/srv/isaac_pose.hpp] Error 1
[0.689s] gmake[1]: *** [CMakeFiles/Makefile2:265: CMakeFiles/isaac_ros2_messages__cpp.dir/all] Error 2
[0.794s] running egg_info
[0.795s] writing isaac_ros2_messages.egg-info/PKG-INFO
[0.795s] writing dependency_links to isaac_ros2_messages.egg-info/dependency_links.txt
[0.795s] writing top-level names to isaac_ros2_messages.egg-info/top_level.txt
[0.796s] reading manifest file 'isaac_ros2_messages.egg-info/SOURCES.txt'
[0.796s] writing manifest file 'isaac_ros2_messages.egg-info/SOURCES.txt'
[0.816s] [  3%] Built target ament_cmake_python_build_isaac_ros2_messages_egg
[0.817s] gmake: *** [Makefile:146: all] Error 2
[0.859s] Invoked command in '/home/absolutezeno/Auto-BT-Generation/build/isaac_ros2_messages' returned '2': CMAKE_PREFIX_PATH=${CMAKE_PREFIX_PATH}:/home/absolutezeno/Auto-BT-Generation/install/py_trees_ros_viewer:/home/absolutezeno/Auto-BT-Generation/install/py_trees_ros_tutorials:/home/absolutezeno/Auto-BT-Generation/install/py_trees_ros:/home/absolutezeno/FRA501/install/rqt_joint_trajectory_controller:/home/absolutezeno/FRA501/install/rqt_controller_manager:/home/absolutezeno/FRA501/install/ros2controlcli:/home/absolutezeno/FRA501/install/ros2_controllers_test_nodes:/opt/ros/humble PS1=(isaaclab) \[\e]0;\u@\h: \w\a\]${debian_chroot:+($debian_chroot)}\[\033[01;32m\]\u@\h\[\033[00m\]:\[\033[01;34m\]\w\[\033[00m\]\$ VIRTUAL_ENV_PROMPT=(isaaclab) /usr/bin/cmake --build /home/absolutezeno/Auto-BT-Generation/build/isaac_ros2_messages -- -j20 -l20
