[0.670s] Invoking command in '/home/absolutezeno/Auto-BT-Generation/build/custom_message': CMAKE_PREFIX_PATH=${CMAKE_PREFIX_PATH}:/home/absolutezeno/Auto-BT-Generation/install/py_trees_ros_viewer:/home/absolutezeno/Auto-BT-Generation/install/py_trees_ros_tutorials:/home/absolutezeno/Auto-BT-Generation/install/py_trees_ros:/home/absolutezeno/FRA501/install/rqt_joint_trajectory_controller:/home/absolutezeno/FRA501/install/rqt_controller_manager:/home/absolutezeno/FRA501/install/ros2controlcli:/home/absolutezeno/FRA501/install/ros2_controllers_test_nodes:/opt/ros/humble PS1=(isaaclab) \[\e]0;\u@\h: \w\a\]${debian_chroot:+($debian_chroot)}\[\033[01;32m\]\u@\h\[\033[00m\]:\[\033[01;34m\]\w\[\033[00m\]\$ VIRTUAL_ENV_PROMPT=(isaaclab) /usr/bin/cmake /home/absolutezeno/Auto-BT-Generation/src/custom_message -DCMAKE_INSTALL_PREFIX=/home/absolutezeno/Auto-BT-Generation/install/custom_message
[0.679s] -- Found ament_cmake: 1.3.5 (/opt/ros/humble/share/ament_cmake/cmake)
[0.840s] -- Found std_msgs: 4.2.4 (/opt/ros/humble/share/std_msgs/cmake)
[0.856s] -- Found rosidl_generator_c: 3.1.5 (/opt/ros/humble/share/rosidl_generator_c/cmake)
[0.857s] -- Found rosidl_adapter: 3.1.5 (/opt/ros/humble/share/rosidl_adapter/cmake)
[0.861s] -- Found rosidl_generator_cpp: 3.1.5 (/opt/ros/humble/share/rosidl_generator_cpp/cmake)
[0.869s] -- Using all available rosidl_typesupport_c: rosidl_typesupport_fastrtps_c;rosidl_typesupport_introspection_c
[0.880s] -- Using all available rosidl_typesupport_cpp: rosidl_typesupport_fastrtps_cpp;rosidl_typesupport_introspection_cpp
[0.914s] -- Found rosidl_default_generators: 1.2.0 (/opt/ros/humble/share/rosidl_default_generators/cmake)
[1.182s] -- Found ament_cmake_ros: 0.10.0 (/opt/ros/humble/share/ament_cmake_ros/cmake)
[1.558s] -- Using all available rosidl_typesupport_c: rosidl_typesupport_fastrtps_c;rosidl_typesupport_introspection_c
[1.696s] -- Using all available rosidl_typesupport_cpp: rosidl_typesupport_fastrtps_cpp;rosidl_typesupport_introspection_cpp
[1.724s] -- Found PythonInterp: /home/absolutezeno/isaaclab/bin/python3 (found suitable version "3.10.12", minimum required is "3.6") 
[1.727s] -- Found python_cmake_module: 0.10.0 (/opt/ros/humble/share/python_cmake_module/cmake)
[1.755s] -- Found PythonLibs: /usr/lib/x86_64-linux-gnu/libpython3.10.so (found suitable version "3.10.12", minimum required is "3.5") 
[1.755s] -- Using PYTHON_EXECUTABLE: /home/absolutezeno/isaaclab/bin/python3
[1.755s] -- Using PYTHON_INCLUDE_DIRS: /usr/include/python3.10
[1.755s] -- Using PYTHON_LIBRARIES: /usr/lib/x86_64-linux-gnu/libpython3.10.so
[1.779s] -- Found PythonExtra: .so  
[1.834s] -- Found ament_lint_auto: 0.12.8 (/opt/ros/humble/share/ament_lint_auto/cmake)
[1.860s] -- Added test 'copyright' to check source files copyright and LICENSE
[1.861s] -- Added test 'lint_cmake' to check CMake code style
[1.862s] -- Added test 'xmllint' to check XML markup files
[1.864s] -- Configuring done
[1.880s] -- Generating done
[1.881s] -- Build files have been written to: /home/absolutezeno/Auto-BT-Generation/build/custom_message
[1.885s] Invoked command in '/home/absolutezeno/Auto-BT-Generation/build/custom_message' returned '0': CMAKE_PREFIX_PATH=${CMAKE_PREFIX_PATH}:/home/absolutezeno/Auto-BT-Generation/install/py_trees_ros_viewer:/home/absolutezeno/Auto-BT-Generation/install/py_trees_ros_tutorials:/home/absolutezeno/Auto-BT-Generation/install/py_trees_ros:/home/absolutezeno/FRA501/install/rqt_joint_trajectory_controller:/home/absolutezeno/FRA501/install/rqt_controller_manager:/home/absolutezeno/FRA501/install/ros2controlcli:/home/absolutezeno/FRA501/install/ros2_controllers_test_nodes:/opt/ros/humble PS1=(isaaclab) \[\e]0;\u@\h: \w\a\]${debian_chroot:+($debian_chroot)}\[\033[01;32m\]\u@\h\[\033[00m\]:\[\033[01;34m\]\w\[\033[00m\]\$ VIRTUAL_ENV_PROMPT=(isaaclab) /usr/bin/cmake /home/absolutezeno/Auto-BT-Generation/src/custom_message -DCMAKE_INSTALL_PREFIX=/home/absolutezeno/Auto-BT-Generation/install/custom_message
[1.887s] Invoking command in '/home/absolutezeno/Auto-BT-Generation/build/custom_message': CMAKE_PREFIX_PATH=${CMAKE_PREFIX_PATH}:/home/absolutezeno/Auto-BT-Generation/install/py_trees_ros_viewer:/home/absolutezeno/Auto-BT-Generation/install/py_trees_ros_tutorials:/home/absolutezeno/Auto-BT-Generation/install/py_trees_ros:/home/absolutezeno/FRA501/install/rqt_joint_trajectory_controller:/home/absolutezeno/FRA501/install/rqt_controller_manager:/home/absolutezeno/FRA501/install/ros2controlcli:/home/absolutezeno/FRA501/install/ros2_controllers_test_nodes:/opt/ros/humble PS1=(isaaclab) \[\e]0;\u@\h: \w\a\]${debian_chroot:+($debian_chroot)}\[\033[01;32m\]\u@\h\[\033[00m\]:\[\033[01;34m\]\w\[\033[00m\]\$ VIRTUAL_ENV_PROMPT=(isaaclab) /usr/bin/cmake --build /home/absolutezeno/Auto-BT-Generation/build/custom_message -- -j20 -l20
[1.918s] [  3%] [34m[1mGenerating C code for ROS interfaces[0m
[1.925s] [  6%] [34m[1mGenerating C++ code for ROS interfaces[0m
[1.932s] [  6%] Built target ament_cmake_python_copy_custom_message
[1.958s] Traceback (most recent call last):
[1.958s]   File "/opt/ros/humble/share/rosidl_generator_c/cmake/../../../lib/rosidl_generator_c/rosidl_generator_c", line 8, in <module>
[1.958s]     from rosidl_generator_c import generate_c
[1.958s]   File "/opt/ros/humble/local/lib/python3.10/dist-packages/rosidl_generator_c/__init__.py", line 15, in <module>
[1.958s]     from rosidl_cmake import convert_camel_case_to_lower_case_underscore
[1.958s]   File "/opt/ros/humble/local/lib/python3.10/dist-packages/rosidl_cmake/__init__.py", line 24, in <module>
[1.958s]     from rosidl_parser.parser import parse_idl_file
[1.958s]   File "/opt/ros/humble/local/lib/python3.10/dist-packages/rosidl_parser/parser.py", line 20, in <module>
[1.958s]     from lark import Lark
[1.959s] ModuleNotFoundError: No module named 'lark'
[1.962s] gmake[2]: *** [CMakeFiles/custom_message__rosidl_generator_c.dir/build.make:119: rosidl_generator_c/custom_message/msg/sample_msg.h] Error 1
[1.962s] gmake[1]: *** [CMakeFiles/Makefile2:212: CMakeFiles/custom_message__rosidl_generator_c.dir/all] Error 2
[1.962s] gmake[1]: *** Waiting for unfinished jobs....
[1.967s] Traceback (most recent call last):
[1.967s]   File "/opt/ros/humble/share/rosidl_generator_cpp/cmake/../../../lib/rosidl_generator_cpp/rosidl_generator_cpp", line 8, in <module>
[1.967s]     from rosidl_generator_cpp import generate_cpp
[1.967s]   File "/opt/ros/humble/local/lib/python3.10/dist-packages/rosidl_generator_cpp/__init__.py", line 17, in <module>
[1.967s]     from rosidl_cmake import generate_files
[1.967s]   File "/opt/ros/humble/local/lib/python3.10/dist-packages/rosidl_cmake/__init__.py", line 24, in <module>
[1.967s]     from rosidl_parser.parser import parse_idl_file
[1.967s]   File "/opt/ros/humble/local/lib/python3.10/dist-packages/rosidl_parser/parser.py", line 20, in <module>
[1.968s]     from lark import Lark
[1.968s] ModuleNotFoundError: No module named 'lark'
[1.971s] gmake[2]: *** [CMakeFiles/custom_message__cpp.dir/build.make:123: rosidl_generator_cpp/custom_message/msg/sample_msg.hpp] Error 1
[1.971s] gmake[1]: *** [CMakeFiles/Makefile2:265: CMakeFiles/custom_message__cpp.dir/all] Error 2
[2.111s] running egg_info
[2.111s] creating custom_message.egg-info
[2.111s] writing custom_message.egg-info/PKG-INFO
[2.111s] writing dependency_links to custom_message.egg-info/dependency_links.txt
[2.111s] writing top-level names to custom_message.egg-info/top_level.txt
[2.111s] writing manifest file 'custom_message.egg-info/SOURCES.txt'
[2.113s] reading manifest file 'custom_message.egg-info/SOURCES.txt'
[2.113s] writing manifest file 'custom_message.egg-info/SOURCES.txt'
[2.129s] [  6%] Built target ament_cmake_python_build_custom_message_egg
[2.130s] gmake: *** [Makefile:146: all] Error 2
[2.132s] Invoked command in '/home/absolutezeno/Auto-BT-Generation/build/custom_message' returned '2': CMAKE_PREFIX_PATH=${CMAKE_PREFIX_PATH}:/home/absolutezeno/Auto-BT-Generation/install/py_trees_ros_viewer:/home/absolutezeno/Auto-BT-Generation/install/py_trees_ros_tutorials:/home/absolutezeno/Auto-BT-Generation/install/py_trees_ros:/home/absolutezeno/FRA501/install/rqt_joint_trajectory_controller:/home/absolutezeno/FRA501/install/rqt_controller_manager:/home/absolutezeno/FRA501/install/ros2controlcli:/home/absolutezeno/FRA501/install/ros2_controllers_test_nodes:/opt/ros/humble PS1=(isaaclab) \[\e]0;\u@\h: \w\a\]${debian_chroot:+($debian_chroot)}\[\033[01;32m\]\u@\h\[\033[00m\]:\[\033[01;34m\]\w\[\033[00m\]\$ VIRTUAL_ENV_PROMPT=(isaaclab) /usr/bin/cmake --build /home/absolutezeno/Auto-BT-Generation/build/custom_message -- -j20 -l20
